<?xml version="1.0" encoding="UTF-8"?>
<!-- Generated by org.testng.reporters.JUnitReportReporter -->
<testsuite hostname="BHANU-LAPTOP" failures="0" tests="1" name="script.TestDemo2" time="6.170" errors="0" timestamp="11 Jan 2024 02:53:26 GMT" skipped="0">
  <testcase classname="script.TestDemo2" name="test1" time="6.170"/>
</testsuite> <!-- script.TestDemo2 -->
