<?xml version="1.0" encoding="UTF-8"?>
<!-- Generated by org.testng.reporters.JUnitReportReporter -->
<testsuite hostname="BHANU-LAPTOP" failures="0" tests="1" name="script.TestDemo" time="5.850" errors="0" timestamp="09 Jan 2024 03:09:56 GMT" skipped="0">
  <testcase classname="script.TestDemo" name="test1" time="5.850"/>
</testsuite> <!-- script.TestDemo -->
