<?xml version="1.0" encoding="UTF-8"?>
<!-- Generated by org.testng.reporters.JUnitReportReporter -->
<testsuite hostname="BHANU-LAPTOP" failures="0" tests="1" name="script.TestDemo2" time="5.655" errors="0" timestamp="11 Jan 2024 02:30:41 GMT" skipped="0">
  <testcase classname="script.TestDemo2" name="test1" time="5.655"/>
</testsuite> <!-- script.TestDemo2 -->
