<?xml version="1.0" encoding="UTF-8"?>
<!-- Generated by org.testng.reporters.JUnitReportReporter -->
<testsuite hostname="BHANU-LAPTOP" failures="0" tests="1" name="script.TestDemo" time="9.214" errors="0" timestamp="11 Jan 2024 02:38:58 GMT" skipped="0">
  <testcase classname="script.TestDemo" name="test1" time="9.214"/>
</testsuite> <!-- script.TestDemo -->
