<?xml version="1.0" encoding="UTF-8"?>
<!-- Generated by org.testng.reporters.JUnitReportReporter -->
<testsuite hostname="BHANU-LAPTOP" failures="0" tests="1" name="script.ValidLogin" time="12.858" errors="0" timestamp="12 Jan 2024 02:10:24 GMT" skipped="0">
  <testcase classname="script.ValidLogin" name="testValidLogin" time="12.858"/>
</testsuite> <!-- script.ValidLogin -->
