<?xml version="1.0" encoding="UTF-8"?>
<!-- Generated by org.testng.reporters.JUnitReportReporter -->
<testsuite hostname="BHANU-LAPTOP" failures="0" tests="1" name="script.TestDemo" time="11.352" errors="0" timestamp="11 Jan 2024 02:53:26 GMT" skipped="0">
  <testcase classname="script.TestDemo" name="test1" time="11.352"/>
</testsuite> <!-- script.TestDemo -->
