<?xml version="1.0" encoding="UTF-8"?>
<!-- Generated by org.testng.reporters.JUnitReportReporter -->
<testsuite hostname="BHANU-LAPTOP" failures="0" tests="1" name="script.InvalidLogin" time="7.761" errors="0" timestamp="12 Jan 2024 02:35:02 GMT" skipped="0">
  <testcase classname="script.InvalidLogin" name="testInvalidLogin" time="7.761"/>
</testsuite> <!-- script.InvalidLogin -->
